Analysis & Elaboration report for lab3
Tue Apr 05 09:03:44 2022
Quartus II Version 9.0 Build 132 02/25/2009 SJ Web Edition


---------------------
; Table of Contents ;
---------------------
  1. Legal Notice
  2. Legal Notice
  3. Flow Summary
  4. Flow Settings
  5. Flow Non-Default Global Settings
  6. Flow Elapsed Time
  7. Flow OS Summary
  8. Flow Log
  9. Analysis & Elaboration Summary
 10. Analysis & Elaboration Settings
 11. Analysis & Elaboration Messages



----------------
; Legal Notice ;
----------------
Copyright (C) 1991-2009 Altera Corporation
Your use of Altera Corporation's design tools, logic functions 
and other software and tools, and its AMPP partner logic 
functions, and any output files from any of the foregoing 
(including device programming or simulation files), and any 
associated documentation or information are expressly subject 
to the terms and conditions of the Altera Program License 
Subscription Agreement, Altera MegaCore Function License 
Agreement, or other applicable license agreement, including, 
without limitation, that your use is for the sole purpose of 
programming logic devices manufactured by Altera and sold by 
Altera or its authorized distributors.  Please refer to the 
applicable agreement for further details.



----------------
; Legal Notice ;
----------------
Copyright (C) 1991-2009 Altera Corporation
Your use of Altera Corporation's design tools, logic functions 
and other software and tools, and its AMPP partner logic 
functions, and any output files from any of the foregoing 
(including device programming or simulation files), and any 
associated documentation or information are expressly subject 
to the terms and conditions of the Altera Program License 
Subscription Agreement, Altera MegaCore Function License 
Agreement, or other applicable license agreement, including, 
without limitation, that your use is for the sole purpose of 
programming logic devices manufactured by Altera and sold by 
Altera or its authorized distributors.  Please refer to the 
applicable agreement for further details.



+-------------------------------------------------------------------+
; Flow Summary                                                      ;
+-------------------------+-----------------------------------------+
; Flow Status             ; Successful - Tue Apr 05 09:03:43 2022   ;
; Quartus II Version      ; 9.0 Build 132 02/25/2009 SJ Web Edition ;
; Revision Name           ; lab3                                    ;
; Top-level Entity Name   ; lab3                                    ;
; Family                  ; Cyclone                                 ;
; Device                  ; EP1C3T144C8                             ;
; Timing Models           ; Final                                   ;
; Met timing requirements ; N/A                                     ;
; Total logic elements    ; N/A until Partition Merge               ;
; Total pins              ; N/A until Partition Merge               ;
; Total virtual pins      ; N/A until Partition Merge               ;
; Total memory bits       ; N/A until Partition Merge               ;
; Total PLLs              ; N/A until Partition Merge               ;
+-------------------------+-----------------------------------------+


+-----------------------------------------+
; Flow Settings                           ;
+-------------------+---------------------+
; Option            ; Setting             ;
+-------------------+---------------------+
; Start date & time ; 04/05/2022 09:03:42 ;
; Main task         ; Compilation         ;
; Revision Name     ; lab3                ;
+-------------------+---------------------+


+---------------------------------------------------------------------------------------------------------------------+
; Flow Non-Default Global Settings                                                                                    ;
+------------------------------------+---------------------------------+---------------+-------------+----------------+
; Assignment Name                    ; Value                           ; Default Value ; Entity Name ; Section Id     ;
+------------------------------------+---------------------------------+---------------+-------------+----------------+
; COMPILER_SIGNATURE_ID              ; 193583872743312.164913862217196 ; --            ; --          ; --             ;
; MAX_CORE_JUNCTION_TEMP             ; 85                              ; --            ; --          ; --             ;
; MIN_CORE_JUNCTION_TEMP             ; 0                               ; --            ; --          ; --             ;
; PARTITION_COLOR                    ; 16764057                        ; --            ; --          ; Top            ;
; PARTITION_NETLIST_TYPE             ; SOURCE                          ; --            ; --          ; Top            ;
; USE_GENERATED_PHYSICAL_CONSTRAINTS ; Off                             ; --            ; --          ; eda_blast_fpga ;
+------------------------------------+---------------------------------+---------------+-------------+----------------+


+----------------------------------------------------------------------------------------------------------------------------+
; Flow Elapsed Time                                                                                                          ;
+------------------------+--------------+-------------------------+---------------------+------------------------------------+
; Module Name            ; Elapsed Time ; Average Processors Used ; Peak Virtual Memory ; Total CPU Time (on all processors) ;
+------------------------+--------------+-------------------------+---------------------+------------------------------------+
; Analysis & Elaboration ; 00:00:03     ; 1.0                     ; 220 MB              ; 00:00:01                           ;
; Total                  ; 00:00:03     ; --                      ; --                  ; 00:00:01                           ;
+------------------------+--------------+-------------------------+---------------------+------------------------------------+


+-----------------------------------------------------------------------------------------+
; Flow OS Summary                                                                         ;
+------------------------+------------------+---------------+------------+----------------+
; Module Name            ; Machine Hostname ; OS Name       ; OS Version ; Processor type ;
+------------------------+------------------+---------------+------------+----------------+
; Analysis & Elaboration ; LAPTOP-BHIJ1S5E  ; Windows Vista ; 6.2        ; x86_64         ;
+------------------------+------------------+---------------+------------+----------------+


------------
; Flow Log ;
------------
quartus_map --read_settings_files=on --write_settings_files=off lab3 -c lab3 --analysis_and_elaboration



+-------------------------------------------------------------------------+
; Analysis & Elaboration Summary                                          ;
+-------------------------------+-----------------------------------------+
; Analysis & Elaboration Status ; Successful - Tue Apr 05 09:03:43 2022   ;
; Quartus II Version            ; 9.0 Build 132 02/25/2009 SJ Web Edition ;
; Revision Name                 ; lab3                                    ;
; Top-level Entity Name         ; lab3                                    ;
; Family                        ; Cyclone                                 ;
; Total logic elements          ; N/A until Partition Merge               ;
; Total pins                    ; N/A until Partition Merge               ;
; Total virtual pins            ; N/A until Partition Merge               ;
; Total memory bits             ; N/A until Partition Merge               ;
; Total PLLs                    ; N/A until Partition Merge               ;
+-------------------------------+-----------------------------------------+


+----------------------------------------------------------------------------------------------------------+
; Analysis & Elaboration Settings                                                                          ;
+----------------------------------------------------------------+--------------------+--------------------+
; Option                                                         ; Setting            ; Default Value      ;
+----------------------------------------------------------------+--------------------+--------------------+
; Device                                                         ; EP1C3T144C8        ;                    ;
; Top-level entity name                                          ; lab3               ; lab3               ;
; Family name                                                    ; Cyclone            ; Stratix II         ;
; Use Generated Physical Constraints File                        ; Off                ;                    ;
; Use smart compilation                                          ; Off                ; Off                ;
; Restructure Multiplexers                                       ; Auto               ; Auto               ;
; Create Debugging Nodes for IP Cores                            ; Off                ; Off                ;
; Preserve fewer node names                                      ; On                 ; On                 ;
; Disable OpenCore Plus hardware evaluation                      ; Off                ; Off                ;
; Verilog Version                                                ; Verilog_2001       ; Verilog_2001       ;
; VHDL Version                                                   ; VHDL93             ; VHDL93             ;
; State Machine Processing                                       ; Auto               ; Auto               ;
; Safe State Machine                                             ; Off                ; Off                ;
; Extract Verilog State Machines                                 ; On                 ; On                 ;
; Extract VHDL State Machines                                    ; On                 ; On                 ;
; Ignore Verilog initial constructs                              ; Off                ; Off                ;
; Iteration limit for constant Verilog loops                     ; 5000               ; 5000               ;
; Iteration limit for non-constant Verilog loops                 ; 250                ; 250                ;
; Add Pass-Through Logic to Inferred RAMs                        ; On                 ; On                 ;
; Parallel Synthesis                                             ; Off                ; Off                ;
; NOT Gate Push-Back                                             ; On                 ; On                 ;
; Power-Up Don't Care                                            ; On                 ; On                 ;
; Remove Redundant Logic Cells                                   ; Off                ; Off                ;
; Remove Duplicate Registers                                     ; On                 ; On                 ;
; Ignore CARRY Buffers                                           ; Off                ; Off                ;
; Ignore CASCADE Buffers                                         ; Off                ; Off                ;
; Ignore GLOBAL Buffers                                          ; Off                ; Off                ;
; Ignore ROW GLOBAL Buffers                                      ; Off                ; Off                ;
; Ignore LCELL Buffers                                           ; Off                ; Off                ;
; Ignore SOFT Buffers                                            ; On                 ; On                 ;
; Limit AHDL Integers to 32 Bits                                 ; Off                ; Off                ;
; Optimization Technique                                         ; Balanced           ; Balanced           ;
; Carry Chain Length                                             ; 70                 ; 70                 ;
; Auto Carry Chains                                              ; On                 ; On                 ;
; Auto Open-Drain Pins                                           ; On                 ; On                 ;
; Perform WYSIWYG Primitive Resynthesis                          ; Off                ; Off                ;
; Auto ROM Replacement                                           ; On                 ; On                 ;
; Auto RAM Replacement                                           ; On                 ; On                 ;
; Auto Shift Register Replacement                                ; Auto               ; Auto               ;
; Auto Clock Enable Replacement                                  ; On                 ; On                 ;
; Strict RAM Replacement                                         ; Off                ; Off                ;
; Allow Synchronous Control Signals                              ; On                 ; On                 ;
; Force Use of Synchronous Clear Signals                         ; Off                ; Off                ;
; Auto RAM Block Balancing                                       ; On                 ; On                 ;
; Auto RAM to Logic Cell Conversion                              ; Off                ; Off                ;
; Auto Resource Sharing                                          ; Off                ; Off                ;
; Allow Any RAM Size For Recognition                             ; Off                ; Off                ;
; Allow Any ROM Size For Recognition                             ; Off                ; Off                ;
; Allow Any Shift Register Size For Recognition                  ; Off                ; Off                ;
; Use LogicLock Constraints during Resource Balancing            ; On                 ; On                 ;
; Ignore translate_off and synthesis_off directives              ; Off                ; Off                ;
; Show Parameter Settings Tables in Synthesis Report             ; On                 ; On                 ;
; Ignore Maximum Fan-Out Assignments                             ; Off                ; Off                ;
; Synchronization Register Chain Length                          ; 2                  ; 2                  ;
; PowerPlay Power Optimization                                   ; Normal compilation ; Normal compilation ;
; HDL message level                                              ; Level2             ; Level2             ;
; Suppress Register Optimization Related Messages                ; Off                ; Off                ;
; Number of Removed Registers Reported in Synthesis Report       ; 100                ; 100                ;
; Number of Inverted Registers Reported in Synthesis Report      ; 100                ; 100                ;
; Clock MUX Protection                                           ; On                 ; On                 ;
; Block Design Naming                                            ; Auto               ; Auto               ;
; Synthesis Effort                                               ; Auto               ; Auto               ;
; Allows Asynchronous Clear Usage For Shift Register Replacement ; On                 ; On                 ;
; Analysis & Synthesis Message Level                             ; Medium             ; Medium             ;
+----------------------------------------------------------------+--------------------+--------------------+


+---------------------------------+
; Analysis & Elaboration Messages ;
+---------------------------------+
Info: *******************************************************************
Info: Running Quartus II Analysis & Elaboration
    Info: Version 9.0 Build 132 02/25/2009 SJ Web Edition
    Info: Processing started: Tue Apr 05 09:03:40 2022
Info: Command: quartus_map --read_settings_files=on --write_settings_files=off lab3 -c lab3 --analysis_and_elaboration
Info: Found 3 design units, including 3 entities, in source file lab3.v
    Info: Found entity 1: lab3
    Info: Found entity 2: debouncer1
    Info: Found entity 3: debouncer2
Info: Elaborating entity "lab3" for the top level hierarchy
Info: Elaborating entity "debouncer1" for hierarchy "debouncer1:db1"
Info: Elaborating entity "debouncer2" for hierarchy "debouncer2:db2"
Info: Quartus II Analysis & Elaboration was successful. 0 errors, 0 warnings
    Info: Peak virtual memory: 220 megabytes
    Info: Processing ended: Tue Apr 05 09:03:44 2022
    Info: Elapsed time: 00:00:04
    Info: Total CPU time (on all processors): 00:00:01


